<?xml version="1.0" encoding="UTF-8"?>
<!-- Generated by org.testng.reporters.JUnitReportReporter -->
<testsuite name="com.jbk.test.Test1" tests="1" time="41.313" ignored="0" failures="0" timestamp="03 Dec 2018 08:56:09 GMT" skipped="0" hostname="DESKTOP-E4PH7S5" errors="0">
  <testcase name="pageTitleTest" time="41.313" classname="com.jbk.test.Test1"/>
</testsuite> <!-- com.jbk.test.Test1 -->
